sum = 10022429072.084940, time = 0.08615, threads = 128
sum = 10022429072.089407, time = 0.06063, threads = 256
sum = 10022429072.089407, time = 0.05914, threads = 256
sum = 10022429072.089407, time = 0.05972, threads = 256
sum = 10022429072.084940, time = 0.1185, threads = 128
sum = 10022429072.089407, time = 0.05808, threads = 256
sum = 10022429072.089407, time = 0.06111, threads = 256
sum = 10022429072.089407, time = 0.06178, threads = 256


Batch Job Summary Report (version 21.01.1) for Job "sum_omp" (2393244) on eiger

Job information (1/2)
-----------------------------------------------------------------------------------------------------
             Submit            Eligible               Start                 End    Elapsed Time limit
------------------- ------------------- ------------------- ------------------- ---------- ----------
2023-10-12T15:01:36 2023-10-12T15:01:36 2023-10-12T15:01:37 2023-10-12T15:02:47   00:01:10   00:15:00
-----------------------------------------------------------------------------------------------------

Job information (2/2)
-------------------------------------------------------------
    Username      Account    Partition   NNodes        Energy
------------ ------------ ------------ -------- -------------
    czanatta         uzh8        debug        1     14.692 kJ

