sum = 10022429073.341873, time = 1.072, threads = 1
sum = 10022429072.974625, time = 0.8434, threads = 2
sum = 10022429071.947245, time = 0.4899, threads = 4
sum = 10022429072.466204, time = 0.3792, threads = 8
sum = 10022429072.218266, time = 0.3361, threads = 16
sum = 10022429072.150675, time = 0.2996, threads = 32
sum = 10022429072.122816, time = 0.1507, threads = 64
sum = 10022429072.084940, time = 0.08827, threads = 128


Batch Job Summary Report (version 21.01.1) for Job "sum_omp" (2393434) on eiger

Job information (1/2)
-----------------------------------------------------------------------------------------------------
             Submit            Eligible               Start                 End    Elapsed Time limit
------------------- ------------------- ------------------- ------------------- ---------- ----------
2023-10-12T21:51:25 2023-10-12T21:51:25 2023-10-12T21:51:26 2023-10-12T21:51:32   00:00:06   00:15:00
-----------------------------------------------------------------------------------------------------

Job information (2/2)
-------------------------------------------------------------
    Username      Account    Partition   NNodes        Energy
------------ ------------ ------------ -------- -------------
    czanatta         uzh8        debug        1      1.258 kJ

