sum=10022429073.341873
Computed in 5.984 seconds
sum=10022429073.341873
Computed in 1.154 seconds
sum=10022429073.341873
Computed in 1.072 seconds
sum=10022429073.341873
Computed in 1.062 seconds


Batch Job Summary Report (version 21.01.1) for Job "sum_O" (2392093) on eiger

Job information (1/2)
-----------------------------------------------------------------------------------------------------
             Submit            Eligible               Start                 End    Elapsed Time limit
------------------- ------------------- ------------------- ------------------- ---------- ----------
2023-10-11T18:33:02 2023-10-11T18:33:02 2023-10-11T18:33:02 2023-10-11T18:35:08   00:02:06   00:05:00
-----------------------------------------------------------------------------------------------------

Job information (2/2)
-------------------------------------------------------------
    Username      Account    Partition   NNodes        Energy
------------ ------------ ------------ -------- -------------
    czanatta         uzh8        debug        1     25.857 kJ

