Size of integer array/file: 1000000
max number in file: 38747
number of 0s in file: 646016
true number of 0s in file: 646016
Size of integer array/file: 1000000
max number in file: 38747
number of 0s in file: 646016
true number of 0s in file: 646016
Size of integer array/file: 1000000
max number in file: 38747
number of 0s in file: 646016
true number of 0s in file: 646016
Size of integer array/file: 1000000
max number in file: 38747
number of 0s in file: 646016
true number of 0s in file: 646016
Size of integer array/file: 1000000
max number in file: 38747
number of 0s in file: 646016
true number of 0s in file: 646016
Size of integer array/file: 1000000
max number in file: 38747
number of 0s in file: 646016
true number of 0s in file: 646016
Size of integer array/file: 1000000
max number in file: 38747
number of 0s in file: 646016
true number of 0s in file: 646016


Batch Job Summary Report (version 21.01.1) for Job "atomic_serial" (2421707) on eiger

Job information (1/2)
-----------------------------------------------------------------------------------------------------
             Submit            Eligible               Start                 End    Elapsed Time limit
------------------- ------------------- ------------------- ------------------- ---------- ----------
2023-11-02T17:41:36 2023-11-02T17:41:36 2023-11-02T17:41:37 2023-11-02T17:41:39   00:00:02   00:15:00
-----------------------------------------------------------------------------------------------------

Job information (2/2)
-------------------------------------------------------------
    Username      Account    Partition   NNodes        Energy
------------ ------------ ------------ -------- -------------
    czanatta         uzh8        debug        1      0.452 kJ

