Size of integer array/file: 1000000
max number in file: 38747
number of 0s in file: 646016
true number of 0s in file: 646016
Size of integer array/file: 1000000
max number in file: 38747
number of 0s in file: 646016
true number of 0s in file: 646016
Size of integer array/file: 1000000
max number in file: 38747
number of 0s in file: 646016
true number of 0s in file: 646016
Size of integer array/file: 1000000
max number in file: 38747
number of 0s in file: 646016
true number of 0s in file: 646016
Size of integer array/file: 1000000
max number in file: 38747
number of 0s in file: 646016
true number of 0s in file: 646016
Size of integer array/file: 1000000
max number in file: 38747
number of 0s in file: 646016
true number of 0s in file: 646016
Size of integer array/file: 1000000
max number in file: 38745
number of 0s in file: 646016
true number of 0s in file: 646016


Batch Job Summary Report (version 21.01.1) for Job "second_loop_serial" (2421751) on eiger

Job information (1/2)
-----------------------------------------------------------------------------------------------------
             Submit            Eligible               Start                 End    Elapsed Time limit
------------------- ------------------- ------------------- ------------------- ---------- ----------
2023-11-02T18:47:29 2023-11-02T18:47:29 2023-11-02T18:47:30 2023-11-02T18:47:32   00:00:02   00:15:00
-----------------------------------------------------------------------------------------------------

Job information (2/2)
-------------------------------------------------------------
    Username      Account    Partition   NNodes        Energy
------------ ------------ ------------ -------- -------------
    czanatta         uzh8        debug        1      0.418 kJ

