Thread rank: 10
Thread rank: 6
Thread rank: 17
Thread rank: 21
Thread rank: 15
Thread rank: 12
Thread rank: 26
Thread rank: 8
Thread rank: 28
Thread rank: 0
Thread rank: 11
Thread rank: 27
Thread rank: 7
Thread rank: 19
Thread rank: 16
Thread rank: 5
Thread rank: 29
Thread rank: 30
Thread rank: 1
Thread rank: 14
Thread rank: 4
Thread rank: 2
Thread rank: 20
Thread rank: 3
Thread rank: 18
Thread rank: 23
Thread rank: 22
Thread rank: 9
Thread rank: 25
Thread rank: 13
Thread rank: 31
Thread rank: 24
pi is approximately 3.1415926542564594, Error is 0.0000000006666663
Computed in 0.1427 seconds


Batch Job Summary Report (version 21.01.1) for Job "cpi_omp" (2379878) on eiger

Job information (1/2)
-----------------------------------------------------------------------------------------------------
             Submit            Eligible               Start                 End    Elapsed Time limit
------------------- ------------------- ------------------- ------------------- ---------- ----------
2023-10-03T19:23:46 2023-10-03T19:23:46 2023-10-03T19:23:46 2023-10-03T19:23:47   00:00:01   00:05:00
-----------------------------------------------------------------------------------------------------

Job information (2/2)
-------------------------------------------------------------
    Username      Account    Partition   NNodes        Energy
------------ ------------ ------------ -------- -------------
    czanatta         uzh8        debug        1      0.204 kJ

