Thread rank: 0
Thread rank: 4
Thread rank: 3
Thread rank: 5
Thread rank: 6
Thread rank: 7
Thread rank: 2
Thread rank: 1
pi is approximately 3.1415926542565304, Error is 0.0000000006667373
Computed in 0.5638 seconds


Batch Job Summary Report (version 21.01.1) for Job "cpi_omp" (2379873) on eiger

Job information (1/2)
-----------------------------------------------------------------------------------------------------
             Submit            Eligible               Start                 End    Elapsed Time limit
------------------- ------------------- ------------------- ------------------- ---------- ----------
2023-10-03T19:21:16 2023-10-03T19:21:16 2023-10-03T19:21:16 2023-10-03T19:21:18   00:00:02   00:05:00
-----------------------------------------------------------------------------------------------------

Job information (2/2)
-------------------------------------------------------------
    Username      Account    Partition   NNodes        Energy
------------ ------------ ------------ -------- -------------
    czanatta         uzh8        debug        1      0.268 kJ

