Thread rank: 62
Thread rank: 8
Thread rank: 14
Thread rank: 18
Thread rank: 3
Thread rank: 34
Thread rank: 36
Thread rank: 39
Thread rank: 32
Thread rank: 16
Thread rank: 45
Thread rank: 41
Thread rank: 17
Thread rank: 46
Thread rank: 15
Thread rank: 31
Thread rank: 42
Thread rank: 27
Thread rank: 59
Thread rank: 11
Thread rank: 37
Thread rank: 53
Thread rank: 25
Thread rank: 13
Thread rank: 24
Thread rank: 10
Thread rank: 58
Thread rank: 4
Thread rank: 28
Thread rank: 12
Thread rank: 52
Thread rank: 29
Thread rank: 57
Thread rank: 19
Thread rank: 35
Thread rank: 7
Thread rank: 55
Thread rank: 20
Thread rank: 51
Thread rank: 40
Thread rank: 48
Thread rank: 43
Thread rank: 60
Thread rank: 56
Thread rank: 26
Thread rank: 0
Thread rank: 22
Thread rank: 23
Thread rank: 5
Thread rank: 49
Thread rank: 21
Thread rank: 63
Thread rank: 33
Thread rank: 44
Thread rank: 9
Thread rank: 61
Thread rank: 6
Thread rank: 38
Thread rank: 54
Thread rank: 47
Thread rank: 30
Thread rank: 1
Thread rank: 50
Thread rank: 2
pi is approximately 3.1415926542564887, Error is 0.0000000006666956
Computed in 0.1346 seconds


Batch Job Summary Report (version 21.01.1) for Job "cpi_omp" (2379880) on eiger

Job information (1/2)
-----------------------------------------------------------------------------------------------------
             Submit            Eligible               Start                 End    Elapsed Time limit
------------------- ------------------- ------------------- ------------------- ---------- ----------
2023-10-03T19:25:14 2023-10-03T19:25:14 2023-10-03T19:25:14 2023-10-03T19:25:15   00:00:01   00:05:00
-----------------------------------------------------------------------------------------------------

Job information (2/2)
-------------------------------------------------------------
    Username      Account    Partition   NNodes        Energy
------------ ------------ ------------ -------- -------------
    czanatta         uzh8        debug        1      0.211 kJ

