Thread rank: 0
Thread rank: 3
Thread rank: 5
Thread rank: 1
Thread rank: 2
Thread rank: 4
pi is approximately 3.1415926542564430, Error is 0.0000000006666498
Computed in 0.748 seconds


Batch Job Summary Report (version 21.01.1) for Job "cpi_omp" (2379872) on eiger

Job information (1/2)
-----------------------------------------------------------------------------------------------------
             Submit            Eligible               Start                 End    Elapsed Time limit
------------------- ------------------- ------------------- ------------------- ---------- ----------
2023-10-03T19:20:40 2023-10-03T19:20:40 2023-10-03T19:20:40 2023-10-03T19:20:42   00:00:02   00:05:00
-----------------------------------------------------------------------------------------------------

Job information (2/2)
-------------------------------------------------------------
    Username      Account    Partition   NNodes        Energy
------------ ------------ ------------ -------- -------------
    czanatta         uzh8        debug        1      0.336 kJ

