Thread rank: 17
Thread rank: 0
Thread rank: 23
Thread rank: 6
Thread rank: 10
Thread rank: 3
Thread rank: 21
Thread rank: 20
Thread rank: 9
Thread rank: 1
Thread rank: 14
Thread rank: 13
Thread rank: 5
Thread rank: 19
Thread rank: 7
Thread rank: 4
Thread rank: 22
Thread rank: 16
Thread rank: 12
Thread rank: 2
Thread rank: 18
Thread rank: 15
Thread rank: 11
Thread rank: 8
pi is approximately 3.1415926542564834, Error is 0.0000000006666903
Computed in 0.1887 seconds


Batch Job Summary Report (version 21.01.1) for Job "cpi_omp" (2379877) on eiger

Job information (1/2)
-----------------------------------------------------------------------------------------------------
             Submit            Eligible               Start                 End    Elapsed Time limit
------------------- ------------------- ------------------- ------------------- ---------- ----------
2023-10-03T19:23:07 2023-10-03T19:23:07 2023-10-03T19:23:08 2023-10-03T19:23:09   00:00:01   00:05:00
-----------------------------------------------------------------------------------------------------

Job information (2/2)
-------------------------------------------------------------
    Username      Account    Partition   NNodes        Energy
------------ ------------ ------------ -------- -------------
    czanatta         uzh8        debug        1      0.208 kJ

