N = 0
memcopy and daxpy test of size 1
-------
timings
-------
axpy (openmp): 0 s
axpy (openacc): 0.000226974 s

============ PASSED
N = 100
memcopy and daxpy test of size 16
-------
timings
-------
axpy (openmp): 0 s
axpy (openacc): 0.00022912 s

============ PASSED
N = 200
memcopy and daxpy test of size 256
-------
timings
-------
axpy (openmp): 1.19209e-06 s
axpy (openacc): 0.000227928 s

============ PASSED
N = 300
memcopy and daxpy test of size 4096
-------
timings
-------
axpy (openmp): 1.90735e-06 s
axpy (openacc): 0.000230074 s

============ PASSED
N = 400
memcopy and daxpy test of size 65536
-------
timings
-------
axpy (openmp): 8.60691e-05 s
axpy (openacc): 0.000334978 s

============ PASSED
N = 500
memcopy and daxpy test of size 1048576
-------
timings
-------
axpy (openmp): 0.00140595 s
axpy (openacc): 0.00246096 s

============ PASSED
N = 600
memcopy and daxpy test of size 16777216
-------
timings
-------
axpy (openmp): 0.0213151 s
axpy (openacc): 0.0330291 s

============ PASSED
N = 700
memcopy and daxpy test of size 268435456
-------
timings
-------
axpy (openmp): 0.362788 s
axpy (openacc): 0.521195 s

============ PASSED
N = 800
memcopy and daxpy test of size 1
-------
timings
-------
axpy (openmp): 0 s
axpy (openacc): 0.000226974 s

============ PASSED
N = 900
memcopy and daxpy test of size 16
-------
timings
-------
axpy (openmp): 0 s
axpy (openacc): 0.000226974 s

============ PASSED
N = 1000
memcopy and daxpy test of size 256
-------
timings
-------
axpy (openmp): 0 s
axpy (openacc): 0.000224829 s

============ PASSED


Batch Job Summary Report (version 21.01.1) for Job "blur" (50473982) on daint

Job information (1/3)
-----------------------------------------------------------------------------------------------------
             Submit            Eligible               Start                 End    Elapsed Time limit
------------------- ------------------- ------------------- ------------------- ---------- ----------
2023-12-14T10:02:53 2023-12-14T10:02:53 2023-12-14T10:02:55 2023-12-14T10:03:21   00:00:26   00:05:00
-----------------------------------------------------------------------------------------------------

Job information (2/3)
-------------------------------------------------------------
    Username      Account    Partition   NNodes        Energy
------------ ------------ ------------ -------- -------------
    czanatta         uzg2        debug        1      2.065 kJ

Job information (3/3) - GPU utilization data
----------------------------------------------------
   Node name       Usage      Max mem Execution time
------------ ----------- ------------ --------------
    nid02356        10 %     4351 MiB       00:00:05

