Thread rank: 0
Thread rank: 4
Thread rank: 3
Thread rank: 5
Thread rank: 6
Thread rank: 8
Thread rank: 9
Thread rank: 2
Thread rank: 1
Thread rank: 7
pi is approximately 3.1415926542564856, Error is 0.0000000006666925
Computed in 0.4491 seconds


Batch Job Summary Report (version 21.01.1) for Job "cpi_omp" (2379858) on eiger

Job information (1/2)
-----------------------------------------------------------------------------------------------------
             Submit            Eligible               Start                 End    Elapsed Time limit
------------------- ------------------- ------------------- ------------------- ---------- ----------
2023-10-03T18:41:46 2023-10-03T18:41:46 2023-10-03T18:41:46 2023-10-03T18:41:48   00:00:02   00:05:00
-----------------------------------------------------------------------------------------------------

Job information (2/2)
-------------------------------------------------------------
    Username      Account    Partition   NNodes        Energy
------------ ------------ ------------ -------- -------------
    czanatta         uzh8        debug        1      0.272 kJ

