Got integer: 100
Computed in 8.08239e-05, with N = 100
Got integer: 500
Computed in 0.00233793, with N = 500
Got integer: 1000
Computed in 0.0070529, with N = 1000
Got integer: 5000
Computed in 0.176078, with N = 5000
Got integer: 10000
Computed in 0.696324, with N = 10000
Got integer: 20000
Computed in 2.81724, with N = 20000
Got integer: 50000
Computed in 17.5565, with N = 50000


Batch Job Summary Report (version 21.01.1) for Job "nbody_serial" (2422484) on eiger

Job information (1/2)
-----------------------------------------------------------------------------------------------------
             Submit            Eligible               Start                 End    Elapsed Time limit
------------------- ------------------- ------------------- ------------------- ---------- ----------
2023-11-03T07:51:53 2023-11-03T07:51:53 2023-11-03T07:51:54 2023-11-03T07:52:17   00:00:23   00:15:00
-----------------------------------------------------------------------------------------------------

Job information (2/2)
-------------------------------------------------------------
    Username      Account    Partition   NNodes        Energy
------------ ------------ ------------ -------- -------------
    czanatta         uzh8        debug        1      4.921 kJ

