PI = 3.14159265358979 computed in 0.09248 seconds
PI = 3.141592656731382 computed in 0.08475 seconds
PI = 3.141592656731382 computed in 0.07844 seconds
PI = 3.141592656731382 computed in 0.07685 seconds
PI = 3.141592656731382 computed in 0.0766 seconds


Batch Job Summary Report (version 21.01.1) for Job "cpi_cuda" (50378658) on daint

Job information (1/3)
-----------------------------------------------------------------------------------------------------
             Submit            Eligible               Start                 End    Elapsed Time limit
------------------- ------------------- ------------------- ------------------- ---------- ----------
2023-12-08T07:46:49 2023-12-08T07:46:49 2023-12-08T07:47:24 2023-12-08T07:47:34   00:00:10   00:05:00
-----------------------------------------------------------------------------------------------------

Job information (2/3)
-------------------------------------------------------------
    Username      Account    Partition   NNodes        Energy
------------ ------------ ------------ -------- -------------
    czanatta         uzg2       normal        1      0.439 kJ

Job information (3/3) - GPU utilization data
----------------------------------------------------
   Node name       Usage      Max mem Execution time
------------ ----------- ------------ --------------
    nid01966        16 %      255 MiB       00:00:02

